[debug] [2019-12-20T18:31:54.473Z] ----------------------------------------------------------------------
[debug] [2019-12-20T18:31:54.477Z] Command:       C:\Program Files\nodejs\node.exe C:\Users\brand\AppData\Roaming\npm\node_modules\firebase-tools\lib\bin\firebase.js deploy
[debug] [2019-12-20T18:31:54.477Z] CLI Version:   6.1.0
[debug] [2019-12-20T18:31:54.477Z] Platform:      win32
[debug] [2019-12-20T18:31:54.477Z] Node Version:  v10.18.0
[debug] [2019-12-20T18:31:54.478Z] Time:          Fri Dec 20 2019 13:31:54 GMT-0500 (Eastern Standard Time)
[debug] [2019-12-20T18:31:54.479Z] ----------------------------------------------------------------------
[debug] 
[debug] [2019-12-20T18:31:54.492Z] > command requires scopes: ["email","openid","https://www.googleapis.com/auth/cloudplatformprojects.readonly","https://www.googleapis.com/auth/firebase","https://www.googleapis.com/auth/cloud-platform"]
[debug] [2019-12-20T18:31:54.493Z] > authorizing via signed-in user
[debug] [2019-12-20T18:31:54.495Z] [iam] checking project tldw-live for permissions ["cloudfunctions.functions.create","cloudfunctions.functions.delete","cloudfunctions.functions.get","cloudfunctions.functions.list","cloudfunctions.functions.update","cloudfunctions.operations.get","datastore.indexes.create","datastore.indexes.delete","datastore.indexes.list","datastore.indexes.update","firebase.projects.get","firebasehosting.sites.update"]
[debug] [2019-12-20T18:31:54.496Z] >>> HTTP REQUEST POST https://cloudresourcemanager.googleapis.com/v1/projects/tldw-live:testIamPermissions  

[debug] [2019-12-20T18:31:54.780Z] <<< HTTP RESPONSE 200
[debug] [2019-12-20T18:31:54.781Z] >>> HTTP REQUEST GET https://firebase.googleapis.com/v1beta1/projects/tldw-live  
 
[debug] [2019-12-20T18:31:55.048Z] <<< HTTP RESPONSE 200
[debug] [2019-12-20T18:31:57.986Z] TypeError: Cannot read property 'wanted' of undefined
    at C:\Users\brand\AppData\Roaming\npm\node_modules\firebase-tools\lib\checkFirebaseSDKVersion.js:37:51
    at process._tickCallback (internal/process/next_tick.js:68:7)
[error] 
[error] Error: An unexpected error has occurred.
